<?xml version="1.0" encoding="UTF-8" ?>
<testsuite errors="1" failures="0" hostname="PabloGD" name="tutorial.PersonaServiceSpec" tests="1" time="0.119" timestamp="2014-06-11T16:26:57">
  <properties />
  <testcase classname="tutorial.PersonaServiceSpec" name="Hay 2 españoles" time="0.117">
    <error message="No signature of method: tutorial.PersonaServiceSpec.mockDomain() is applicable for argument types: (java.lang.Class) values: [class tutorial.PersonaService]&#xa;Possible solutions: mockCodec(java.lang.Class), mockFor(java.lang.Class)" type="groovy.lang.MissingMethodException">groovy.lang.MissingMethodException: No signature of method: tutorial.PersonaServiceSpec.mockDomain() is applicable for argument types: (java.lang.Class) values: [class tutorial.PersonaService]
Possible solutions: mockCodec(java.lang.Class), mockFor(java.lang.Class)
	at tutorial.PersonaServiceSpec.Hay 2 españoles(PersonaServiceSpec.groovy:15)
</error>
  </testcase>
  <system-out><![CDATA[--Output from Hay 2 españoles--
]]></system-out>
  <system-err><![CDATA[--Output from Hay 2 españoles--
]]></system-err>
</testsuite>
